<?xml version="1.0" encoding="UTF-8"?>
<robot generator="Robot 6.0.2 (Python 3.11.1 on darwin)" generated="20230306 12:49:02.017" rpa="false" schemaversion="3">
<suite id="s1" name="Testcase" source="/Users/jansatorn/Desktop/TESTTHEGANG/testcase.robot">
<kw name="Open Web browser" library="keyword" type="SETUP">
<arg>${url}</arg>
<arg>${browser}</arg>
<kw name="Open Browser" library="SeleniumLibrary">
<arg>${link}</arg>
<arg>${browsername}</arg>
<doc>Opens a new browser instance to the optional ``url``.</doc>
<msg timestamp="20230306 12:49:02.111" level="INFO">Opening browser 'gc' to base url 'https://abhigyank.github.io/To-Do-List/'.</msg>
<status status="PASS" starttime="20230306 12:49:02.111" endtime="20230306 12:49:13.532"/>
</kw>
<kw name="Maximize Browser Window" library="SeleniumLibrary">
<doc>Maximizes current browser window.</doc>
<status status="PASS" starttime="20230306 12:49:13.533" endtime="20230306 12:49:13.947"/>
</kw>
<status status="PASS" starttime="20230306 12:49:02.110" endtime="20230306 12:49:13.949"/>
</kw>
<test id="s1-t1" name="Verify Check Completed" line="21">
<kw name="Input data delete Completed" library="keyword">
<kw name="Wait Until Element Is Visible" library="SeleniumLibrary">
<arg>${locator_text-name}</arg>
<arg>10s</arg>
<doc>Waits until the element ``locator`` is visible.</doc>
<status status="PASS" starttime="20230306 12:49:13.953" endtime="20230306 12:49:14.085"/>
</kw>
<kw name="Input Text" library="SeleniumLibrary">
<arg>${locator_text-name}</arg>
<arg>TEST1</arg>
<doc>Types the given ``text`` into the text field identified by ``locator``.</doc>
<msg timestamp="20230306 12:49:14.085" level="INFO">Typing text 'TEST1' into text field 'id=new-task'.</msg>
<status status="PASS" starttime="20230306 12:49:14.085" endtime="20230306 12:49:14.438"/>
</kw>
<kw name="Click Element" library="SeleniumLibrary">
<arg>${locator_btn-add}</arg>
<doc>Click the element identified by ``locator``.</doc>
<msg timestamp="20230306 12:49:14.438" level="INFO">Clicking element 'xpath=//*[@id="add-item"]/button'.</msg>
<status status="PASS" starttime="20230306 12:49:14.438" endtime="20230306 12:49:14.555"/>
</kw>
<kw name="Click Element" library="SeleniumLibrary">
<arg>${locator_tap-task}</arg>
<doc>Click the element identified by ``locator``.</doc>
<msg timestamp="20230306 12:49:14.555" level="INFO">Clicking element 'xpath=/html/body/div/div/div[1]/a[2]'.</msg>
<status status="PASS" starttime="20230306 12:49:14.555" endtime="20230306 12:49:14.739"/>
</kw>
<kw name="Wait Until Element Is Visible" library="SeleniumLibrary">
<arg>${locator_btn-text1}</arg>
<arg>10s</arg>
<doc>Waits until the element ``locator`` is visible.</doc>
<status status="PASS" starttime="20230306 12:49:14.739" endtime="20230306 12:49:14.775"/>
</kw>
<kw name="Get Text" library="SeleniumLibrary">
<var>${text}</var>
<arg>${locator_btn-text1}</arg>
<doc>Returns the text value of the element identified by ``locator``.</doc>
<msg timestamp="20230306 12:49:14.802" level="INFO">${text} = TEST1</msg>
<status status="PASS" starttime="20230306 12:49:14.775" endtime="20230306 12:49:14.802"/>
</kw>
<kw name="Should Be Equal As Strings" library="BuiltIn">
<arg>${text}</arg>
<arg>TEST1</arg>
<doc>Fails if objects are unequal after converting them to strings.</doc>
<status status="PASS" starttime="20230306 12:49:14.802" endtime="20230306 12:49:14.803"/>
</kw>
<kw name="Click Element" library="SeleniumLibrary">
<arg>${locator_btn-text1}</arg>
<doc>Click the element identified by ``locator``.</doc>
<msg timestamp="20230306 12:49:14.803" level="INFO">Clicking element 'id=text-1'.</msg>
<status status="PASS" starttime="20230306 12:49:14.803" endtime="20230306 12:49:14.927"/>
</kw>
<kw name="Click Element" library="SeleniumLibrary">
<arg>${locator_tap-cp}</arg>
<doc>Click the element identified by ``locator``.</doc>
<msg timestamp="20230306 12:49:14.928" level="INFO">Clicking element 'xpath=/html/body/div/div/div[1]/a[3]'.</msg>
<status status="PASS" starttime="20230306 12:49:14.927" endtime="20230306 12:49:14.981"/>
</kw>
<kw name="Wait Until Element Is Visible" library="SeleniumLibrary">
<arg>${locator_btn-delete-cp}</arg>
<arg>10s</arg>
<doc>Waits until the element ``locator`` is visible.</doc>
<status status="PASS" starttime="20230306 12:49:14.981" endtime="20230306 12:49:15.015"/>
</kw>
<kw name="Click Element" library="SeleniumLibrary">
<arg>${locator_btn-delete-cp}</arg>
<doc>Click the element identified by ``locator``.</doc>
<msg timestamp="20230306 12:49:15.015" level="INFO">Clicking element 'xpath=//*[@id="1"]/span'.</msg>
<status status="PASS" starttime="20230306 12:49:15.015" endtime="20230306 12:49:15.042"/>
</kw>
<kw name="Wait Until Element Is Not Visible" library="SeleniumLibrary">
<arg>${locator_btn-delete-cp}</arg>
<arg>10s</arg>
<doc>Waits until the element ``locator`` is not visible.</doc>
<status status="PASS" starttime="20230306 12:49:15.042" endtime="20230306 12:49:15.045"/>
</kw>
<status status="PASS" starttime="20230306 12:49:13.953" endtime="20230306 12:49:15.045"/>
</kw>
<doc>ใช้สำหรับทดสอบลบข้อมูลใน Completed</doc>
<tag>Run</tag>
<status status="PASS" starttime="20230306 12:49:13.951" endtime="20230306 12:49:15.046"/>
</test>
<kw name="Close Browser" library="SeleniumLibrary" type="TEARDOWN">
<doc>Closes the current browser.</doc>
<status status="PASS" starttime="20230306 12:49:15.046" endtime="20230306 12:49:15.145"/>
</kw>
<status status="PASS" starttime="20230306 12:49:02.017" endtime="20230306 12:49:15.145"/>
</suite>
<statistics>
<total>
<stat pass="1" fail="0" skip="0">All Tests</stat>
</total>
<tag>
<stat pass="1" fail="0" skip="0">Run</stat>
</tag>
<suite>
<stat pass="1" fail="0" skip="0" id="s1" name="Testcase">Testcase</stat>
</suite>
</statistics>
<errors>
</errors>
</robot>
